<?xml version="1.0" encoding="UTF-8"?>
<!-- Generated by org.testng.reporters.JUnitXMLReporter -->
<testsuite ignored="5" hostname="P2908-W10" failures="0" tests="1" name="Default test" time="16.514" errors="0" timestamp="2021-11-24T11:58:19 CET">
  <testcase classname="tests.Solicitudes" name="swipeTutorials" time="4.958"/>
  <testcase classname="tests.Solicitudes" name="solicitudSimpleNoRegistrado" time="0.0">
    <ignored/>
  </testcase> <!-- solicitudSimpleNoRegistrado -->
  <testcase classname="tests.Solicitudes" name="solicitudSimpleRegistrado" time="0.0">
    <ignored/>
  </testcase> <!-- solicitudSimpleRegistrado -->
  <testcase classname="tests.Solicitudes" name="solicitudMixta" time="0.0">
    <ignored/>
  </testcase> <!-- solicitudMixta -->
  <testcase classname="tests.Solicitudes" name="solicitudMultipleReg" time="0.0">
    <ignored/>
  </testcase> <!-- solicitudMultipleReg -->
  <testcase classname="tests.Solicitudes" name="solicitudMultipleNoReg" time="0.0">
    <ignored/>
  </testcase> <!-- solicitudMultipleNoReg -->
</testsuite> <!-- Default test -->
